[02-Sep-2021 08:45:06 UTC] PHP Warning:  array_key_exists() expects parameter 2 to be array, bool given in C:\Users\soufiane\Local Sites\armatis2\app\public\wp-content\themes\soda-theme\inc\admin\options\get-option.php on line 25
[02-Sep-2021 08:45:06 UTC] PHP Stack trace:
[02-Sep-2021 08:45:06 UTC] PHP   1. {main}() C:\Users\soufiane\Local Sites\armatis2\app\public\index.php:0
[02-Sep-2021 08:45:06 UTC] PHP   2. require() C:\Users\soufiane\Local Sites\armatis2\app\public\index.php:17
[02-Sep-2021 08:45:06 UTC] PHP   3. require_once() C:\Users\soufiane\Local Sites\armatis2\app\public\wp-blog-header.php:13
[02-Sep-2021 08:45:06 UTC] PHP   4. require_once() C:\Users\soufiane\Local Sites\armatis2\app\public\wp-load.php:37
[02-Sep-2021 08:45:06 UTC] PHP   5. require_once() C:\Users\soufiane\Local Sites\armatis2\app\public\wp-config.php:77
[02-Sep-2021 08:45:06 UTC] PHP   6. include() C:\Users\soufiane\Local Sites\armatis2\app\public\wp-settings.php:499
[02-Sep-2021 08:45:06 UTC] PHP   7. buddyboss_theme() C:\Users\soufiane\Local Sites\armatis2\app\public\wp-content\themes\soda-theme\functions.php:28
[02-Sep-2021 08:45:06 UTC] PHP   8. BuddyBossTheme\BaseTheme::instance() C:\Users\soufiane\Local Sites\armatis2\app\public\wp-content\themes\soda-theme\functions.php:25
[02-Sep-2021 08:45:06 UTC] PHP   9. BuddyBossTheme\BaseTheme->__construct() C:\Users\soufiane\Local Sites\armatis2\app\public\wp-content\themes\soda-theme\inc\init.php:147
[02-Sep-2021 08:45:06 UTC] PHP  10. BuddyBossTheme\BaseTheme->_do_includes() C:\Users\soufiane\Local Sites\armatis2\app\public\wp-content\themes\soda-theme\inc\init.php:165
[02-Sep-2021 08:45:06 UTC] PHP  11. require_once() C:\Users\soufiane\Local Sites\armatis2\app\public\wp-content\themes\soda-theme\inc\init.php:225
[02-Sep-2021 08:45:06 UTC] PHP  12. buddyboss_theme_get_option() C:\Users\soufiane\Local Sites\armatis2\app\public\wp-content\themes\soda-theme\inc\theme\login.php:7
[02-Sep-2021 08:45:06 UTC] PHP  13. array_key_exists() C:\Users\soufiane\Local Sites\armatis2\app\public\wp-content\themes\soda-theme\inc\admin\options\get-option.php:25
[02-Sep-2021 08:45:07 UTC] PHP Warning:  array_key_exists() expects parameter 2 to be array, bool given in C:\Users\soufiane\Local Sites\armatis2\app\public\wp-content\themes\soda-theme\inc\admin\options\get-option.php on line 25
[02-Sep-2021 08:45:07 UTC] PHP Stack trace:
[02-Sep-2021 08:45:07 UTC] PHP   1. {main}() C:\Users\soufiane\Local Sites\armatis2\app\public\index.php:0
[02-Sep-2021 08:45:07 UTC] PHP   2. require() C:\Users\soufiane\Local Sites\armatis2\app\public\index.php:17
[02-Sep-2021 08:45:07 UTC] PHP   3. require_once() C:\Users\soufiane\Local Sites\armatis2\app\public\wp-blog-header.php:13
[02-Sep-2021 08:45:07 UTC] PHP   4. require_once() C:\Users\soufiane\Local Sites\armatis2\app\public\wp-load.php:37
[02-Sep-2021 08:45:07 UTC] PHP   5. require_once() C:\Users\soufiane\Local Sites\armatis2\app\public\wp-config.php:77
[02-Sep-2021 08:45:07 UTC] PHP   6. do_action() C:\Users\soufiane\Local Sites\armatis2\app\public\wp-settings.php:525
[02-Sep-2021 08:45:07 UTC] PHP   7. WP_Hook->do_action() C:\Users\soufiane\Local Sites\armatis2\app\public\wp-includes\plugin.php:465
[02-Sep-2021 08:45:07 UTC] PHP   8. WP_Hook->apply_filters() C:\Users\soufiane\Local Sites\armatis2\app\public\wp-includes\class-wp-hook.php:310
[02-Sep-2021 08:45:07 UTC] PHP   9. wp_widgets_init() C:\Users\soufiane\Local Sites\armatis2\app\public\wp-includes\class-wp-hook.php:286
[02-Sep-2021 08:45:07 UTC] PHP  10. do_action() C:\Users\soufiane\Local Sites\armatis2\app\public\wp-includes\widgets.php:1715
[02-Sep-2021 08:45:07 UTC] PHP  11. WP_Hook->do_action() C:\Users\soufiane\Local Sites\armatis2\app\public\wp-includes\plugin.php:465
[02-Sep-2021 08:45:07 UTC] PHP  12. WP_Hook->apply_filters() C:\Users\soufiane\Local Sites\armatis2\app\public\wp-includes\class-wp-hook.php:310
[02-Sep-2021 08:45:07 UTC] PHP  13. buddyboss_widgets_init() C:\Users\soufiane\Local Sites\armatis2\app\public\wp-includes\class-wp-hook.php:286
[02-Sep-2021 08:45:07 UTC] PHP  14. buddyboss_theme_get_option() C:\Users\soufiane\Local Sites\armatis2\app\public\wp-content\themes\soda-theme\inc\theme\sidebars.php:180
[02-Sep-2021 08:45:07 UTC] PHP  15. array_key_exists() C:\Users\soufiane\Local Sites\armatis2\app\public\wp-content\themes\soda-theme\inc\admin\options\get-option.php:25
[02-Sep-2021 08:45:07 UTC] PHP Warning:  array_key_exists() expects parameter 2 to be array, bool given in C:\Users\soufiane\Local Sites\armatis2\app\public\wp-content\themes\soda-theme\inc\admin\options\get-option.php on line 25
[02-Sep-2021 08:45:07 UTC] PHP Stack trace:
[02-Sep-2021 08:45:07 UTC] PHP   1. {main}() C:\Users\soufiane\Local Sites\armatis2\app\public\index.php:0
[02-Sep-2021 08:45:07 UTC] PHP   2. require() C:\Users\soufiane\Local Sites\armatis2\app\public\index.php:17
[02-Sep-2021 08:45:07 UTC] PHP   3. require_once() C:\Users\soufiane\Local Sites\armatis2\app\public\wp-blog-header.php:13
[02-Sep-2021 08:45:07 UTC] PHP   4. require_once() C:\Users\soufiane\Local Sites\armatis2\app\public\wp-load.php:37
[02-Sep-2021 08:45:07 UTC] PHP   5. require_once() C:\Users\soufiane\Local Sites\armatis2\app\public\wp-config.php:77
[02-Sep-2021 08:45:07 UTC] PHP   6. do_action() C:\Users\soufiane\Local Sites\armatis2\app\public\wp-settings.php:525
[02-Sep-2021 08:45:07 UTC] PHP   7. WP_Hook->do_action() C:\Users\soufiane\Local Sites\armatis2\app\public\wp-includes\plugin.php:465
[02-Sep-2021 08:45:07 UTC] PHP   8. WP_Hook->apply_filters() C:\Users\soufiane\Local Sites\armatis2\app\public\wp-includes\class-wp-hook.php:310
[02-Sep-2021 08:45:07 UTC] PHP   9. wp_widgets_init() C:\Users\soufiane\Local Sites\armatis2\app\public\wp-includes\class-wp-hook.php:286
[02-Sep-2021 08:45:07 UTC] PHP  10. do_action() C:\Users\soufiane\Local Sites\armatis2\app\public\wp-includes\widgets.php:1715
[02-Sep-2021 08:45:07 UTC] PHP  11. WP_Hook->do_action() C:\Users\soufiane\Local Sites\armatis2\app\public\wp-includes\plugin.php:465
[02-Sep-2021 08:45:07 UTC] PHP  12. WP_Hook->apply_filters() C:\Users\soufiane\Local Sites\armatis2\app\public\wp-includes\class-wp-hook.php:310
[02-Sep-2021 08:45:07 UTC] PHP  13. buddyboss_widgets_init() C:\Users\soufiane\Local Sites\armatis2\app\public\wp-includes\class-wp-hook.php:286
[02-Sep-2021 08:45:07 UTC] PHP  14. buddyboss_theme_get_option() C:\Users\soufiane\Local Sites\armatis2\app\public\wp-content\themes\soda-theme\inc\theme\sidebars.php:181
[02-Sep-2021 08:45:07 UTC] PHP  15. array_key_exists() C:\Users\soufiane\Local Sites\armatis2\app\public\wp-content\themes\soda-theme\inc\admin\options\get-option.php:25
[02-Sep-2021 08:45:10 UTC] PHP Warning:  Cannot modify header information - headers already sent by (output started at C:\Users\soufiane\Local Sites\armatis2\app\public\wp-content\themes\soda-theme\inc\admin\options\get-option.php:25) in C:\Users\soufiane\Local Sites\armatis2\app\public\wp-includes\pluggable.php on line 1251
[02-Sep-2021 08:45:10 UTC] PHP Stack trace:
[02-Sep-2021 08:45:10 UTC] PHP   1. {main}() C:\Users\soufiane\Local Sites\armatis2\app\public\index.php:0
[02-Sep-2021 08:45:10 UTC] PHP   2. require() C:\Users\soufiane\Local Sites\armatis2\app\public\index.php:17
[02-Sep-2021 08:45:10 UTC] PHP   3. require_once() C:\Users\soufiane\Local Sites\armatis2\app\public\wp-blog-header.php:19
[02-Sep-2021 08:45:10 UTC] PHP   4. do_action() C:\Users\soufiane\Local Sites\armatis2\app\public\wp-includes\template-loader.php:13
[02-Sep-2021 08:45:10 UTC] PHP   5. WP_Hook->do_action() C:\Users\soufiane\Local Sites\armatis2\app\public\wp-includes\plugin.php:465
[02-Sep-2021 08:45:10 UTC] PHP   6. WP_Hook->apply_filters() C:\Users\soufiane\Local Sites\armatis2\app\public\wp-includes\class-wp-hook.php:310
[02-Sep-2021 08:45:10 UTC] PHP   7. bp_template_redirect() C:\Users\soufiane\Local Sites\armatis2\app\public\wp-includes\class-wp-hook.php:286
[02-Sep-2021 08:45:10 UTC] PHP   8. do_action() C:\Users\soufiane\Local Sites\armatis2\app\public\wp-content\plugins\buddyboss-platform\bp-core\bp-core-dependency.php:430
[02-Sep-2021 08:45:10 UTC] PHP   9. WP_Hook->do_action() C:\Users\soufiane\Local Sites\armatis2\app\public\wp-includes\plugin.php:465
[02-Sep-2021 08:45:10 UTC] PHP  10. WP_Hook->apply_filters() C:\Users\soufiane\Local Sites\armatis2\app\public\wp-includes\class-wp-hook.php:310
[02-Sep-2021 08:45:10 UTC] PHP  11. bp_redirect_canonical() C:\Users\soufiane\Local Sites\armatis2\app\public\wp-includes\class-wp-hook.php:286
[02-Sep-2021 08:45:10 UTC] PHP  12. bp_core_redirect() C:\Users\soufiane\Local Sites\armatis2\app\public\wp-content\plugins\buddyboss-platform\bp-core\bp-core-catchuri.php:885
[02-Sep-2021 08:45:10 UTC] PHP  13. wp_safe_redirect() C:\Users\soufiane\Local Sites\armatis2\app\public\wp-content\plugins\buddyboss-platform\bp-core\bp-core-functions.php:1039
[02-Sep-2021 08:45:10 UTC] PHP  14. wp_redirect() C:\Users\soufiane\Local Sites\armatis2\app\public\wp-includes\pluggable.php:1356
[02-Sep-2021 08:45:10 UTC] PHP  15. header() C:\Users\soufiane\Local Sites\armatis2\app\public\wp-includes\pluggable.php:1251
[02-Sep-2021 08:45:10 UTC] PHP Warning:  Cannot modify header information - headers already sent by (output started at C:\Users\soufiane\Local Sites\armatis2\app\public\wp-content\themes\soda-theme\inc\admin\options\get-option.php:25) in C:\Users\soufiane\Local Sites\armatis2\app\public\wp-includes\pluggable.php on line 1254
[02-Sep-2021 08:45:10 UTC] PHP Stack trace:
[02-Sep-2021 08:45:10 UTC] PHP   1. {main}() C:\Users\soufiane\Local Sites\armatis2\app\public\index.php:0
[02-Sep-2021 08:45:10 UTC] PHP   2. require() C:\Users\soufiane\Local Sites\armatis2\app\public\index.php:17
[02-Sep-2021 08:45:10 UTC] PHP   3. require_once() C:\Users\soufiane\Local Sites\armatis2\app\public\wp-blog-header.php:19
[02-Sep-2021 08:45:10 UTC] PHP   4. do_action() C:\Users\soufiane\Local Sites\armatis2\app\public\wp-includes\template-loader.php:13
[02-Sep-2021 08:45:10 UTC] PHP   5. WP_Hook->do_action() C:\Users\soufiane\Local Sites\armatis2\app\public\wp-includes\plugin.php:465
[02-Sep-2021 08:45:10 UTC] PHP   6. WP_Hook->apply_filters() C:\Users\soufiane\Local Sites\armatis2\app\public\wp-includes\class-wp-hook.php:310
[02-Sep-2021 08:45:10 UTC] PHP   7. bp_template_redirect() C:\Users\soufiane\Local Sites\armatis2\app\public\wp-includes\class-wp-hook.php:286
[02-Sep-2021 08:45:10 UTC] PHP   8. do_action() C:\Users\soufiane\Local Sites\armatis2\app\public\wp-content\plugins\buddyboss-platform\bp-core\bp-core-dependency.php:430
[02-Sep-2021 08:45:10 UTC] PHP   9. WP_Hook->do_action() C:\Users\soufiane\Local Sites\armatis2\app\public\wp-includes\plugin.php:465
[02-Sep-2021 08:45:10 UTC] PHP  10. WP_Hook->apply_filters() C:\Users\soufiane\Local Sites\armatis2\app\public\wp-includes\class-wp-hook.php:310
[02-Sep-2021 08:45:10 UTC] PHP  11. bp_redirect_canonical() C:\Users\soufiane\Local Sites\armatis2\app\public\wp-includes\class-wp-hook.php:286
[02-Sep-2021 08:45:10 UTC] PHP  12. bp_core_redirect() C:\Users\soufiane\Local Sites\armatis2\app\public\wp-content\plugins\buddyboss-platform\bp-core\bp-core-catchuri.php:885
[02-Sep-2021 08:45:10 UTC] PHP  13. wp_safe_redirect() C:\Users\soufiane\Local Sites\armatis2\app\public\wp-content\plugins\buddyboss-platform\bp-core\bp-core-functions.php:1039
[02-Sep-2021 08:45:10 UTC] PHP  14. wp_redirect() C:\Users\soufiane\Local Sites\armatis2\app\public\wp-includes\pluggable.php:1356
[02-Sep-2021 08:45:10 UTC] PHP  15. header() C:\Users\soufiane\Local Sites\armatis2\app\public\wp-includes\pluggable.php:1254
[02-Sep-2021 08:46:27 UTC] PHP Warning:  array_key_exists() expects parameter 2 to be array, bool given in C:\Users\soufiane\Local Sites\armatis2\app\public\wp-content\themes\soda-theme\inc\admin\options\get-option.php on line 25
[02-Sep-2021 08:46:27 UTC] PHP Stack trace:
[02-Sep-2021 08:46:27 UTC] PHP   1. {main}() C:\Users\soufiane\Local Sites\armatis2\app\public\index.php:0
[02-Sep-2021 08:46:27 UTC] PHP   2. require() C:\Users\soufiane\Local Sites\armatis2\app\public\index.php:17
[02-Sep-2021 08:46:27 UTC] PHP   3. require_once() C:\Users\soufiane\Local Sites\armatis2\app\public\wp-blog-header.php:13
[02-Sep-2021 08:46:27 UTC] PHP   4. require_once() C:\Users\soufiane\Local Sites\armatis2\app\public\wp-load.php:37
[02-Sep-2021 08:46:27 UTC] PHP   5. require_once() C:\Users\soufiane\Local Sites\armatis2\app\public\wp-config.php:77
[02-Sep-2021 08:46:27 UTC] PHP   6. include() C:\Users\soufiane\Local Sites\armatis2\app\public\wp-settings.php:499
[02-Sep-2021 08:46:27 UTC] PHP   7. buddyboss_theme() C:\Users\soufiane\Local Sites\armatis2\app\public\wp-content\themes\soda-theme\functions.php:28
[02-Sep-2021 08:46:27 UTC] PHP   8. BuddyBossTheme\BaseTheme::instance() C:\Users\soufiane\Local Sites\armatis2\app\public\wp-content\themes\soda-theme\functions.php:25
[02-Sep-2021 08:46:27 UTC] PHP   9. BuddyBossTheme\BaseTheme->__construct() C:\Users\soufiane\Local Sites\armatis2\app\public\wp-content\themes\soda-theme\inc\init.php:147
[02-Sep-2021 08:46:27 UTC] PHP  10. BuddyBossTheme\BaseTheme->_do_includes() C:\Users\soufiane\Local Sites\armatis2\app\public\wp-content\themes\soda-theme\inc\init.php:165
[02-Sep-2021 08:46:27 UTC] PHP  11. require_once() C:\Users\soufiane\Local Sites\armatis2\app\public\wp-content\themes\soda-theme\inc\init.php:225
[02-Sep-2021 08:46:27 UTC] PHP  12. buddyboss_theme_get_option() C:\Users\soufiane\Local Sites\armatis2\app\public\wp-content\themes\soda-theme\inc\theme\login.php:7
[02-Sep-2021 08:46:27 UTC] PHP  13. array_key_exists() C:\Users\soufiane\Local Sites\armatis2\app\public\wp-content\themes\soda-theme\inc\admin\options\get-option.php:25
[02-Sep-2021 08:46:28 UTC] PHP Warning:  array_key_exists() expects parameter 2 to be array, bool given in C:\Users\soufiane\Local Sites\armatis2\app\public\wp-content\themes\soda-theme\inc\admin\options\get-option.php on line 25
[02-Sep-2021 08:46:28 UTC] PHP Stack trace:
[02-Sep-2021 08:46:28 UTC] PHP   1. {main}() C:\Users\soufiane\Local Sites\armatis2\app\public\index.php:0
[02-Sep-2021 08:46:28 UTC] PHP   2. require() C:\Users\soufiane\Local Sites\armatis2\app\public\index.php:17
[02-Sep-2021 08:46:28 UTC] PHP   3. require_once() C:\Users\soufiane\Local Sites\armatis2\app\public\wp-blog-header.php:13
[02-Sep-2021 08:46:28 UTC] PHP   4. require_once() C:\Users\soufiane\Local Sites\armatis2\app\public\wp-load.php:37
[02-Sep-2021 08:46:28 UTC] PHP   5. require_once() C:\Users\soufiane\Local Sites\armatis2\app\public\wp-config.php:77
[02-Sep-2021 08:46:28 UTC] PHP   6. do_action() C:\Users\soufiane\Local Sites\armatis2\app\public\wp-settings.php:525
[02-Sep-2021 08:46:28 UTC] PHP   7. WP_Hook->do_action() C:\Users\soufiane\Local Sites\armatis2\app\public\wp-includes\plugin.php:465
[02-Sep-2021 08:46:28 UTC] PHP   8. WP_Hook->apply_filters() C:\Users\soufiane\Local Sites\armatis2\app\public\wp-includes\class-wp-hook.php:310
[02-Sep-2021 08:46:28 UTC] PHP   9. wp_widgets_init() C:\Users\soufiane\Local Sites\armatis2\app\public\wp-includes\class-wp-hook.php:286
[02-Sep-2021 08:46:28 UTC] PHP  10. do_action() C:\Users\soufiane\Local Sites\armatis2\app\public\wp-includes\widgets.php:1715
[02-Sep-2021 08:46:28 UTC] PHP  11. WP_Hook->do_action() C:\Users\soufiane\Local Sites\armatis2\app\public\wp-includes\plugin.php:465
[02-Sep-2021 08:46:28 UTC] PHP  12. WP_Hook->apply_filters() C:\Users\soufiane\Local Sites\armatis2\app\public\wp-includes\class-wp-hook.php:310
[02-Sep-2021 08:46:28 UTC] PHP  13. buddyboss_widgets_init() C:\Users\soufiane\Local Sites\armatis2\app\public\wp-includes\class-wp-hook.php:286
[02-Sep-2021 08:46:28 UTC] PHP  14. buddyboss_theme_get_option() C:\Users\soufiane\Local Sites\armatis2\app\public\wp-content\themes\soda-theme\inc\theme\sidebars.php:180
[02-Sep-2021 08:46:28 UTC] PHP  15. array_key_exists() C:\Users\soufiane\Local Sites\armatis2\app\public\wp-content\themes\soda-theme\inc\admin\options\get-option.php:25
[02-Sep-2021 08:46:28 UTC] PHP Warning:  array_key_exists() expects parameter 2 to be array, bool given in C:\Users\soufiane\Local Sites\armatis2\app\public\wp-content\themes\soda-theme\inc\admin\options\get-option.php on line 25
[02-Sep-2021 08:46:28 UTC] PHP Stack trace:
[02-Sep-2021 08:46:28 UTC] PHP   1. {main}() C:\Users\soufiane\Local Sites\armatis2\app\public\index.php:0
[02-Sep-2021 08:46:28 UTC] PHP   2. require() C:\Users\soufiane\Local Sites\armatis2\app\public\index.php:17
[02-Sep-2021 08:46:28 UTC] PHP   3. require_once() C:\Users\soufiane\Local Sites\armatis2\app\public\wp-blog-header.php:13
[02-Sep-2021 08:46:28 UTC] PHP   4. require_once() C:\Users\soufiane\Local Sites\armatis2\app\public\wp-load.php:37
[02-Sep-2021 08:46:28 UTC] PHP   5. require_once() C:\Users\soufiane\Local Sites\armatis2\app\public\wp-config.php:77
[02-Sep-2021 08:46:28 UTC] PHP   6. do_action() C:\Users\soufiane\Local Sites\armatis2\app\public\wp-settings.php:525
[02-Sep-2021 08:46:28 UTC] PHP   7. WP_Hook->do_action() C:\Users\soufiane\Local Sites\armatis2\app\public\wp-includes\plugin.php:465
[02-Sep-2021 08:46:28 UTC] PHP   8. WP_Hook->apply_filters() C:\Users\soufiane\Local Sites\armatis2\app\public\wp-includes\class-wp-hook.php:310
[02-Sep-2021 08:46:28 UTC] PHP   9. wp_widgets_init() C:\Users\soufiane\Local Sites\armatis2\app\public\wp-includes\class-wp-hook.php:286
[02-Sep-2021 08:46:28 UTC] PHP  10. do_action() C:\Users\soufiane\Local Sites\armatis2\app\public\wp-includes\widgets.php:1715
[02-Sep-2021 08:46:28 UTC] PHP  11. WP_Hook->do_action() C:\Users\soufiane\Local Sites\armatis2\app\public\wp-includes\plugin.php:465
[02-Sep-2021 08:46:28 UTC] PHP  12. WP_Hook->apply_filters() C:\Users\soufiane\Local Sites\armatis2\app\public\wp-includes\class-wp-hook.php:310
[02-Sep-2021 08:46:28 UTC] PHP  13. buddyboss_widgets_init() C:\Users\soufiane\Local Sites\armatis2\app\public\wp-includes\class-wp-hook.php:286
[02-Sep-2021 08:46:28 UTC] PHP  14. buddyboss_theme_get_option() C:\Users\soufiane\Local Sites\armatis2\app\public\wp-content\themes\soda-theme\inc\theme\sidebars.php:181
[02-Sep-2021 08:46:28 UTC] PHP  15. array_key_exists() C:\Users\soufiane\Local Sites\armatis2\app\public\wp-content\themes\soda-theme\inc\admin\options\get-option.php:25
[02-Sep-2021 08:46:28 UTC] PHP Warning:  Cannot modify header information - headers already sent by (output started at C:\Users\soufiane\Local Sites\armatis2\app\public\wp-content\themes\soda-theme\inc\admin\options\get-option.php:25) in C:\Users\soufiane\Local Sites\armatis2\app\public\wp-includes\pluggable.php on line 1251
[02-Sep-2021 08:46:28 UTC] PHP Stack trace:
[02-Sep-2021 08:46:28 UTC] PHP   1. {main}() C:\Users\soufiane\Local Sites\armatis2\app\public\index.php:0
[02-Sep-2021 08:46:28 UTC] PHP   2. require() C:\Users\soufiane\Local Sites\armatis2\app\public\index.php:17
[02-Sep-2021 08:46:28 UTC] PHP   3. require_once() C:\Users\soufiane\Local Sites\armatis2\app\public\wp-blog-header.php:19
[02-Sep-2021 08:46:28 UTC] PHP   4. do_action() C:\Users\soufiane\Local Sites\armatis2\app\public\wp-includes\template-loader.php:13
[02-Sep-2021 08:46:28 UTC] PHP   5. WP_Hook->do_action() C:\Users\soufiane\Local Sites\armatis2\app\public\wp-includes\plugin.php:465
[02-Sep-2021 08:46:28 UTC] PHP   6. WP_Hook->apply_filters() C:\Users\soufiane\Local Sites\armatis2\app\public\wp-includes\class-wp-hook.php:310
[02-Sep-2021 08:46:28 UTC] PHP   7. bp_template_redirect() C:\Users\soufiane\Local Sites\armatis2\app\public\wp-includes\class-wp-hook.php:286
[02-Sep-2021 08:46:28 UTC] PHP   8. do_action() C:\Users\soufiane\Local Sites\armatis2\app\public\wp-content\plugins\buddyboss-platform\bp-core\bp-core-dependency.php:430
[02-Sep-2021 08:46:28 UTC] PHP   9. WP_Hook->do_action() C:\Users\soufiane\Local Sites\armatis2\app\public\wp-includes\plugin.php:465
[02-Sep-2021 08:46:28 UTC] PHP  10. WP_Hook->apply_filters() C:\Users\soufiane\Local Sites\armatis2\app\public\wp-includes\class-wp-hook.php:310
[02-Sep-2021 08:46:28 UTC] PHP  11. bp_redirect_canonical() C:\Users\soufiane\Local Sites\armatis2\app\public\wp-includes\class-wp-hook.php:286
[02-Sep-2021 08:46:28 UTC] PHP  12. bp_core_redirect() C:\Users\soufiane\Local Sites\armatis2\app\public\wp-content\plugins\buddyboss-platform\bp-core\bp-core-catchuri.php:885
[02-Sep-2021 08:46:28 UTC] PHP  13. wp_safe_redirect() C:\Users\soufiane\Local Sites\armatis2\app\public\wp-content\plugins\buddyboss-platform\bp-core\bp-core-functions.php:1039
[02-Sep-2021 08:46:28 UTC] PHP  14. wp_redirect() C:\Users\soufiane\Local Sites\armatis2\app\public\wp-includes\pluggable.php:1356
[02-Sep-2021 08:46:28 UTC] PHP  15. header() C:\Users\soufiane\Local Sites\armatis2\app\public\wp-includes\pluggable.php:1251
[02-Sep-2021 08:46:28 UTC] PHP Warning:  Cannot modify header information - headers already sent by (output started at C:\Users\soufiane\Local Sites\armatis2\app\public\wp-content\themes\soda-theme\inc\admin\options\get-option.php:25) in C:\Users\soufiane\Local Sites\armatis2\app\public\wp-includes\pluggable.php on line 1254
[02-Sep-2021 08:46:28 UTC] PHP Stack trace:
[02-Sep-2021 08:46:28 UTC] PHP   1. {main}() C:\Users\soufiane\Local Sites\armatis2\app\public\index.php:0
[02-Sep-2021 08:46:28 UTC] PHP   2. require() C:\Users\soufiane\Local Sites\armatis2\app\public\index.php:17
[02-Sep-2021 08:46:28 UTC] PHP   3. require_once() C:\Users\soufiane\Local Sites\armatis2\app\public\wp-blog-header.php:19
[02-Sep-2021 08:46:28 UTC] PHP   4. do_action() C:\Users\soufiane\Local Sites\armatis2\app\public\wp-includes\template-loader.php:13
[02-Sep-2021 08:46:28 UTC] PHP   5. WP_Hook->do_action() C:\Users\soufiane\Local Sites\armatis2\app\public\wp-includes\plugin.php:465
[02-Sep-2021 08:46:28 UTC] PHP   6. WP_Hook->apply_filters() C:\Users\soufiane\Local Sites\armatis2\app\public\wp-includes\class-wp-hook.php:310
[02-Sep-2021 08:46:28 UTC] PHP   7. bp_template_redirect() C:\Users\soufiane\Local Sites\armatis2\app\public\wp-includes\class-wp-hook.php:286
[02-Sep-2021 08:46:28 UTC] PHP   8. do_action() C:\Users\soufiane\Local Sites\armatis2\app\public\wp-content\plugins\buddyboss-platform\bp-core\bp-core-dependency.php:430
[02-Sep-2021 08:46:28 UTC] PHP   9. WP_Hook->do_action() C:\Users\soufiane\Local Sites\armatis2\app\public\wp-includes\plugin.php:465
[02-Sep-2021 08:46:28 UTC] PHP  10. WP_Hook->apply_filters() C:\Users\soufiane\Local Sites\armatis2\app\public\wp-includes\class-wp-hook.php:310
[02-Sep-2021 08:46:28 UTC] PHP  11. bp_redirect_canonical() C:\Users\soufiane\Local Sites\armatis2\app\public\wp-includes\class-wp-hook.php:286
[02-Sep-2021 08:46:28 UTC] PHP  12. bp_core_redirect() C:\Users\soufiane\Local Sites\armatis2\app\public\wp-content\plugins\buddyboss-platform\bp-core\bp-core-catchuri.php:885
[02-Sep-2021 08:46:28 UTC] PHP  13. wp_safe_redirect() C:\Users\soufiane\Local Sites\armatis2\app\public\wp-content\plugins\buddyboss-platform\bp-core\bp-core-functions.php:1039
[02-Sep-2021 08:46:28 UTC] PHP  14. wp_redirect() C:\Users\soufiane\Local Sites\armatis2\app\public\wp-includes\pluggable.php:1356
[02-Sep-2021 08:46:28 UTC] PHP  15. header() C:\Users\soufiane\Local Sites\armatis2\app\public\wp-includes\pluggable.php:1254
[02-Sep-2021 10:09:18 UTC] PHP Warning:  array_key_exists() expects parameter 2 to be array, bool given in C:\Users\soufiane\Local Sites\armatis2\app\public\wp-content\themes\soda-theme\inc\admin\options\get-option.php on line 25
[02-Sep-2021 10:09:18 UTC] PHP Stack trace:
[02-Sep-2021 10:09:18 UTC] PHP   1. {main}() C:\Users\soufiane\Local Sites\armatis2\app\public\index.php:0
[02-Sep-2021 10:09:18 UTC] PHP   2. require() C:\Users\soufiane\Local Sites\armatis2\app\public\index.php:17
[02-Sep-2021 10:09:18 UTC] PHP   3. require_once() C:\Users\soufiane\Local Sites\armatis2\app\public\wp-blog-header.php:13
[02-Sep-2021 10:09:18 UTC] PHP   4. require_once() C:\Users\soufiane\Local Sites\armatis2\app\public\wp-load.php:37
[02-Sep-2021 10:09:18 UTC] PHP   5. require_once() C:\Users\soufiane\Local Sites\armatis2\app\public\wp-config.php:77
[02-Sep-2021 10:09:18 UTC] PHP   6. include() C:\Users\soufiane\Local Sites\armatis2\app\public\wp-settings.php:499
[02-Sep-2021 10:09:18 UTC] PHP   7. buddyboss_theme() C:\Users\soufiane\Local Sites\armatis2\app\public\wp-content\themes\soda-theme\functions.php:28
[02-Sep-2021 10:09:18 UTC] PHP   8. BuddyBossTheme\BaseTheme::instance() C:\Users\soufiane\Local Sites\armatis2\app\public\wp-content\themes\soda-theme\functions.php:25
[02-Sep-2021 10:09:18 UTC] PHP   9. BuddyBossTheme\BaseTheme->__construct() C:\Users\soufiane\Local Sites\armatis2\app\public\wp-content\themes\soda-theme\inc\init.php:147
[02-Sep-2021 10:09:18 UTC] PHP  10. BuddyBossTheme\BaseTheme->_do_includes() C:\Users\soufiane\Local Sites\armatis2\app\public\wp-content\themes\soda-theme\inc\init.php:165
[02-Sep-2021 10:09:18 UTC] PHP  11. require_once() C:\Users\soufiane\Local Sites\armatis2\app\public\wp-content\themes\soda-theme\inc\init.php:225
[02-Sep-2021 10:09:18 UTC] PHP  12. buddyboss_theme_get_option() C:\Users\soufiane\Local Sites\armatis2\app\public\wp-content\themes\soda-theme\inc\theme\login.php:7
[02-Sep-2021 10:09:18 UTC] PHP  13. array_key_exists() C:\Users\soufiane\Local Sites\armatis2\app\public\wp-content\themes\soda-theme\inc\admin\options\get-option.php:25
[02-Sep-2021 10:09:19 UTC] PHP Warning:  array_key_exists() expects parameter 2 to be array, bool given in C:\Users\soufiane\Local Sites\armatis2\app\public\wp-content\themes\soda-theme\inc\admin\options\get-option.php on line 25
[02-Sep-2021 10:09:19 UTC] PHP Stack trace:
[02-Sep-2021 10:09:19 UTC] PHP   1. {main}() C:\Users\soufiane\Local Sites\armatis2\app\public\index.php:0
[02-Sep-2021 10:09:19 UTC] PHP   2. require() C:\Users\soufiane\Local Sites\armatis2\app\public\index.php:17
[02-Sep-2021 10:09:19 UTC] PHP   3. require_once() C:\Users\soufiane\Local Sites\armatis2\app\public\wp-blog-header.php:13
[02-Sep-2021 10:09:19 UTC] PHP   4. require_once() C:\Users\soufiane\Local Sites\armatis2\app\public\wp-load.php:37
[02-Sep-2021 10:09:19 UTC] PHP   5. require_once() C:\Users\soufiane\Local Sites\armatis2\app\public\wp-config.php:77
[02-Sep-2021 10:09:19 UTC] PHP   6. do_action() C:\Users\soufiane\Local Sites\armatis2\app\public\wp-settings.php:525
[02-Sep-2021 10:09:19 UTC] PHP   7. WP_Hook->do_action() C:\Users\soufiane\Local Sites\armatis2\app\public\wp-includes\plugin.php:465
[02-Sep-2021 10:09:19 UTC] PHP   8. WP_Hook->apply_filters() C:\Users\soufiane\Local Sites\armatis2\app\public\wp-includes\class-wp-hook.php:310
[02-Sep-2021 10:09:19 UTC] PHP   9. wp_widgets_init() C:\Users\soufiane\Local Sites\armatis2\app\public\wp-includes\class-wp-hook.php:286
[02-Sep-2021 10:09:19 UTC] PHP  10. do_action() C:\Users\soufiane\Local Sites\armatis2\app\public\wp-includes\widgets.php:1715
[02-Sep-2021 10:09:19 UTC] PHP  11. WP_Hook->do_action() C:\Users\soufiane\Local Sites\armatis2\app\public\wp-includes\plugin.php:465
[02-Sep-2021 10:09:19 UTC] PHP  12. WP_Hook->apply_filters() C:\Users\soufiane\Local Sites\armatis2\app\public\wp-includes\class-wp-hook.php:310
[02-Sep-2021 10:09:19 UTC] PHP  13. buddyboss_widgets_init() C:\Users\soufiane\Local Sites\armatis2\app\public\wp-includes\class-wp-hook.php:286
[02-Sep-2021 10:09:19 UTC] PHP  14. buddyboss_theme_get_option() C:\Users\soufiane\Local Sites\armatis2\app\public\wp-content\themes\soda-theme\inc\theme\sidebars.php:180
[02-Sep-2021 10:09:19 UTC] PHP  15. array_key_exists() C:\Users\soufiane\Local Sites\armatis2\app\public\wp-content\themes\soda-theme\inc\admin\options\get-option.php:25
[02-Sep-2021 10:09:19 UTC] PHP Warning:  array_key_exists() expects parameter 2 to be array, bool given in C:\Users\soufiane\Local Sites\armatis2\app\public\wp-content\themes\soda-theme\inc\admin\options\get-option.php on line 25
[02-Sep-2021 10:09:19 UTC] PHP Stack trace:
[02-Sep-2021 10:09:19 UTC] PHP   1. {main}() C:\Users\soufiane\Local Sites\armatis2\app\public\index.php:0
[02-Sep-2021 10:09:19 UTC] PHP   2. require() C:\Users\soufiane\Local Sites\armatis2\app\public\index.php:17
[02-Sep-2021 10:09:19 UTC] PHP   3. require_once() C:\Users\soufiane\Local Sites\armatis2\app\public\wp-blog-header.php:13
[02-Sep-2021 10:09:19 UTC] PHP   4. require_once() C:\Users\soufiane\Local Sites\armatis2\app\public\wp-load.php:37
[02-Sep-2021 10:09:19 UTC] PHP   5. require_once() C:\Users\soufiane\Local Sites\armatis2\app\public\wp-config.php:77
[02-Sep-2021 10:09:19 UTC] PHP   6. do_action() C:\Users\soufiane\Local Sites\armatis2\app\public\wp-settings.php:525
[02-Sep-2021 10:09:19 UTC] PHP   7. WP_Hook->do_action() C:\Users\soufiane\Local Sites\armatis2\app\public\wp-includes\plugin.php:465
[02-Sep-2021 10:09:19 UTC] PHP   8. WP_Hook->apply_filters() C:\Users\soufiane\Local Sites\armatis2\app\public\wp-includes\class-wp-hook.php:310
[02-Sep-2021 10:09:19 UTC] PHP   9. wp_widgets_init() C:\Users\soufiane\Local Sites\armatis2\app\public\wp-includes\class-wp-hook.php:286
[02-Sep-2021 10:09:19 UTC] PHP  10. do_action() C:\Users\soufiane\Local Sites\armatis2\app\public\wp-includes\widgets.php:1715
[02-Sep-2021 10:09:19 UTC] PHP  11. WP_Hook->do_action() C:\Users\soufiane\Local Sites\armatis2\app\public\wp-includes\plugin.php:465
[02-Sep-2021 10:09:19 UTC] PHP  12. WP_Hook->apply_filters() C:\Users\soufiane\Local Sites\armatis2\app\public\wp-includes\class-wp-hook.php:310
[02-Sep-2021 10:09:19 UTC] PHP  13. buddyboss_widgets_init() C:\Users\soufiane\Local Sites\armatis2\app\public\wp-includes\class-wp-hook.php:286
[02-Sep-2021 10:09:19 UTC] PHP  14. buddyboss_theme_get_option() C:\Users\soufiane\Local Sites\armatis2\app\public\wp-content\themes\soda-theme\inc\theme\sidebars.php:181
[02-Sep-2021 10:09:19 UTC] PHP  15. array_key_exists() C:\Users\soufiane\Local Sites\armatis2\app\public\wp-content\themes\soda-theme\inc\admin\options\get-option.php:25
[02-Sep-2021 10:09:25 UTC] PHP Warning:  array_key_exists() expects parameter 2 to be array, bool given in C:\Users\soufiane\Local Sites\armatis2\app\public\wp-content\themes\soda-theme\inc\admin\options\get-option.php on line 25
[02-Sep-2021 10:09:25 UTC] PHP Stack trace:
[02-Sep-2021 10:09:25 UTC] PHP   1. {main}() C:\Users\soufiane\Local Sites\armatis2\app\public\wp-admin\admin-ajax.php:0
[02-Sep-2021 10:09:25 UTC] PHP   2. require_once() C:\Users\soufiane\Local Sites\armatis2\app\public\wp-admin\admin-ajax.php:22
[02-Sep-2021 10:09:25 UTC] PHP   3. require_once() C:\Users\soufiane\Local Sites\armatis2\app\public\wp-load.php:37
[02-Sep-2021 10:09:25 UTC] PHP   4. require_once() C:\Users\soufiane\Local Sites\armatis2\app\public\wp-config.php:77
[02-Sep-2021 10:09:25 UTC] PHP   5. include() C:\Users\soufiane\Local Sites\armatis2\app\public\wp-settings.php:499
[02-Sep-2021 10:09:25 UTC] PHP   6. buddyboss_theme() C:\Users\soufiane\Local Sites\armatis2\app\public\wp-content\themes\soda-theme\functions.php:28
[02-Sep-2021 10:09:25 UTC] PHP   7. BuddyBossTheme\BaseTheme::instance() C:\Users\soufiane\Local Sites\armatis2\app\public\wp-content\themes\soda-theme\functions.php:25
[02-Sep-2021 10:09:25 UTC] PHP   8. BuddyBossTheme\BaseTheme->__construct() C:\Users\soufiane\Local Sites\armatis2\app\public\wp-content\themes\soda-theme\inc\init.php:147
[02-Sep-2021 10:09:25 UTC] PHP   9. BuddyBossTheme\BaseTheme->_do_includes() C:\Users\soufiane\Local Sites\armatis2\app\public\wp-content\themes\soda-theme\inc\init.php:165
[02-Sep-2021 10:09:25 UTC] PHP  10. require_once() C:\Users\soufiane\Local Sites\armatis2\app\public\wp-content\themes\soda-theme\inc\init.php:225
[02-Sep-2021 10:09:25 UTC] PHP  11. buddyboss_theme_get_option() C:\Users\soufiane\Local Sites\armatis2\app\public\wp-content\themes\soda-theme\inc\theme\login.php:7
[02-Sep-2021 10:09:25 UTC] PHP  12. array_key_exists() C:\Users\soufiane\Local Sites\armatis2\app\public\wp-content\themes\soda-theme\inc\admin\options\get-option.php:25
[02-Sep-2021 10:09:25 UTC] PHP Warning:  array_key_exists() expects parameter 2 to be array, bool given in C:\Users\soufiane\Local Sites\armatis2\app\public\wp-content\themes\soda-theme\inc\admin\options\get-option.php on line 25
[02-Sep-2021 10:09:25 UTC] PHP Stack trace:
[02-Sep-2021 10:09:25 UTC] PHP   1. {main}() C:\Users\soufiane\Local Sites\armatis2\app\public\wp-admin\admin-ajax.php:0
[02-Sep-2021 10:09:25 UTC] PHP   2. require_once() C:\Users\soufiane\Local Sites\armatis2\app\public\wp-admin\admin-ajax.php:22
[02-Sep-2021 10:09:25 UTC] PHP   3. require_once() C:\Users\soufiane\Local Sites\armatis2\app\public\wp-load.php:37
[02-Sep-2021 10:09:25 UTC] PHP   4. require_once() C:\Users\soufiane\Local Sites\armatis2\app\public\wp-config.php:77
[02-Sep-2021 10:09:25 UTC] PHP   5. do_action() C:\Users\soufiane\Local Sites\armatis2\app\public\wp-settings.php:525
[02-Sep-2021 10:09:25 UTC] PHP   6. WP_Hook->do_action() C:\Users\soufiane\Local Sites\armatis2\app\public\wp-includes\plugin.php:465
[02-Sep-2021 10:09:25 UTC] PHP   7. WP_Hook->apply_filters() C:\Users\soufiane\Local Sites\armatis2\app\public\wp-includes\class-wp-hook.php:310
[02-Sep-2021 10:09:25 UTC] PHP   8. wp_widgets_init() C:\Users\soufiane\Local Sites\armatis2\app\public\wp-includes\class-wp-hook.php:286
[02-Sep-2021 10:09:25 UTC] PHP   9. do_action() C:\Users\soufiane\Local Sites\armatis2\app\public\wp-includes\widgets.php:1715
[02-Sep-2021 10:09:25 UTC] PHP  10. WP_Hook->do_action() C:\Users\soufiane\Local Sites\armatis2\app\public\wp-includes\plugin.php:465
[02-Sep-2021 10:09:25 UTC] PHP  11. WP_Hook->apply_filters() C:\Users\soufiane\Local Sites\armatis2\app\public\wp-includes\class-wp-hook.php:310
[02-Sep-2021 10:09:25 UTC] PHP  12. buddyboss_widgets_init() C:\Users\soufiane\Local Sites\armatis2\app\public\wp-includes\class-wp-hook.php:286
[02-Sep-2021 10:09:25 UTC] PHP  13. buddyboss_theme_get_option() C:\Users\soufiane\Local Sites\armatis2\app\public\wp-content\themes\soda-theme\inc\theme\sidebars.php:180
[02-Sep-2021 10:09:25 UTC] PHP  14. array_key_exists() C:\Users\soufiane\Local Sites\armatis2\app\public\wp-content\themes\soda-theme\inc\admin\options\get-option.php:25
[02-Sep-2021 10:09:25 UTC] PHP Warning:  array_key_exists() expects parameter 2 to be array, bool given in C:\Users\soufiane\Local Sites\armatis2\app\public\wp-content\themes\soda-theme\inc\admin\options\get-option.php on line 25
[02-Sep-2021 10:09:25 UTC] PHP Stack trace:
[02-Sep-2021 10:09:25 UTC] PHP   1. {main}() C:\Users\soufiane\Local Sites\armatis2\app\public\wp-admin\admin-ajax.php:0
[02-Sep-2021 10:09:25 UTC] PHP   2. require_once() C:\Users\soufiane\Local Sites\armatis2\app\public\wp-admin\admin-ajax.php:22
[02-Sep-2021 10:09:25 UTC] PHP   3. require_once() C:\Users\soufiane\Local Sites\armatis2\app\public\wp-load.php:37
[02-Sep-2021 10:09:25 UTC] PHP   4. require_once() C:\Users\soufiane\Local Sites\armatis2\app\public\wp-config.php:77
[02-Sep-2021 10:09:25 UTC] PHP   5. do_action() C:\Users\soufiane\Local Sites\armatis2\app\public\wp-settings.php:525
[02-Sep-2021 10:09:25 UTC] PHP   6. WP_Hook->do_action() C:\Users\soufiane\Local Sites\armatis2\app\public\wp-includes\plugin.php:465
[02-Sep-2021 10:09:25 UTC] PHP   7. WP_Hook->apply_filters() C:\Users\soufiane\Local Sites\armatis2\app\public\wp-includes\class-wp-hook.php:310
[02-Sep-2021 10:09:25 UTC] PHP   8. wp_widgets_init() C:\Users\soufiane\Local Sites\armatis2\app\public\wp-includes\class-wp-hook.php:286
[02-Sep-2021 10:09:25 UTC] PHP   9. do_action() C:\Users\soufiane\Local Sites\armatis2\app\public\wp-includes\widgets.php:1715
[02-Sep-2021 10:09:25 UTC] PHP  10. WP_Hook->do_action() C:\Users\soufiane\Local Sites\armatis2\app\public\wp-includes\plugin.php:465
[02-Sep-2021 10:09:25 UTC] PHP  11. WP_Hook->apply_filters() C:\Users\soufiane\Local Sites\armatis2\app\public\wp-includes\class-wp-hook.php:310
[02-Sep-2021 10:09:25 UTC] PHP  12. buddyboss_widgets_init() C:\Users\soufiane\Local Sites\armatis2\app\public\wp-includes\class-wp-hook.php:286
[02-Sep-2021 10:09:25 UTC] PHP  13. buddyboss_theme_get_option() C:\Users\soufiane\Local Sites\armatis2\app\public\wp-content\themes\soda-theme\inc\theme\sidebars.php:181
[02-Sep-2021 10:09:25 UTC] PHP  14. array_key_exists() C:\Users\soufiane\Local Sites\armatis2\app\public\wp-content\themes\soda-theme\inc\admin\options\get-option.php:25
[02-Sep-2021 14:12:00 UTC] PHP Parse error:  syntax error, unexpected 'mycred_add_new_notice' (T_STRING) in C:\Users\soufiane\Local Sites\armatis2\app\public\wp-content\plugins\notification-update\notification-update.php on line 34
[02-Sep-2021 14:13:17 UTC] PHP Parse error:  syntax error, unexpected 'mycred_add_new_notice' (T_STRING) in C:\Users\soufiane\Local Sites\armatis2\app\public\wp-content\plugins\notification-update\notification-update.php on line 37
[02-Sep-2021 14:15:18 UTC] PHP Parse error:  syntax error, unexpected '/' in C:\Users\soufiane\Local Sites\armatis2\app\public\wp-content\plugins\notification-update\notification-update.php on line 21
[02-Sep-2021 14:16:47 UTC] PHP Parse error:  syntax error, unexpected '/' in C:\Users\soufiane\Local Sites\armatis2\app\public\wp-content\plugins\notification-update\notification-update.php on line 21
[02-Sep-2021 14:16:48 UTC] PHP Parse error:  syntax error, unexpected '/' in C:\Users\soufiane\Local Sites\armatis2\app\public\wp-content\plugins\notification-update\notification-update.php on line 21
[02-Sep-2021 14:57:11 UTC] PHP Parse error:  syntax error, unexpected 'add_action' (T_STRING) in C:\Users\soufiane\Local Sites\armatis2\app\public\wp-content\plugins\notification-update\notification-update.php on line 35
[02-Sep-2021 14:59:12 UTC] PHP Parse error:  syntax error, unexpected '<', expecting '(' in C:\Users\soufiane\Local Sites\armatis2\app\public\wp-content\plugins\notification-update\notification-update.php on line 35
[02-Sep-2021 15:01:13 UTC] PHP Parse error:  syntax error, unexpected '<', expecting '(' in C:\Users\soufiane\Local Sites\armatis2\app\public\wp-content\plugins\notification-update\notification-update.php on line 35
[02-Sep-2021 15:03:14 UTC] PHP Parse error:  syntax error, unexpected '<' in C:\Users\soufiane\Local Sites\armatis2\app\public\wp-content\plugins\notification-update\notification-update.php on line 36
[02-Sep-2021 15:05:15 UTC] PHP Parse error:  syntax error, unexpected '<' in C:\Users\soufiane\Local Sites\armatis2\app\public\wp-content\plugins\notification-update\notification-update.php on line 36
[02-Sep-2021 15:07:16 UTC] PHP Parse error:  syntax error, unexpected '<' in C:\Users\soufiane\Local Sites\armatis2\app\public\wp-content\plugins\notification-update\notification-update.php on line 36
[02-Sep-2021 15:09:17 UTC] PHP Parse error:  syntax error, unexpected '<' in C:\Users\soufiane\Local Sites\armatis2\app\public\wp-content\plugins\notification-update\notification-update.php on line 36
[02-Sep-2021 15:11:18 UTC] PHP Parse error:  syntax error, unexpected '<' in C:\Users\soufiane\Local Sites\armatis2\app\public\wp-content\plugins\notification-update\notification-update.php on line 36
[02-Sep-2021 15:13:19 UTC] PHP Parse error:  syntax error, unexpected '<' in C:\Users\soufiane\Local Sites\armatis2\app\public\wp-content\plugins\notification-update\notification-update.php on line 36
[02-Sep-2021 15:15:20 UTC] PHP Parse error:  syntax error, unexpected '<' in C:\Users\soufiane\Local Sites\armatis2\app\public\wp-content\plugins\notification-update\notification-update.php on line 36
[02-Sep-2021 15:17:21 UTC] PHP Parse error:  syntax error, unexpected '<' in C:\Users\soufiane\Local Sites\armatis2\app\public\wp-content\plugins\notification-update\notification-update.php on line 36
[02-Sep-2021 15:19:22 UTC] PHP Parse error:  syntax error, unexpected '<' in C:\Users\soufiane\Local Sites\armatis2\app\public\wp-content\plugins\notification-update\notification-update.php on line 36
[02-Sep-2021 15:21:23 UTC] PHP Parse error:  syntax error, unexpected '<' in C:\Users\soufiane\Local Sites\armatis2\app\public\wp-content\plugins\notification-update\notification-update.php on line 36
[02-Sep-2021 15:23:24 UTC] PHP Parse error:  syntax error, unexpected '<' in C:\Users\soufiane\Local Sites\armatis2\app\public\wp-content\plugins\notification-update\notification-update.php on line 36
[02-Sep-2021 15:25:25 UTC] PHP Parse error:  syntax error, unexpected '<' in C:\Users\soufiane\Local Sites\armatis2\app\public\wp-content\plugins\notification-update\notification-update.php on line 36
[02-Sep-2021 15:27:26 UTC] PHP Parse error:  syntax error, unexpected '<' in C:\Users\soufiane\Local Sites\armatis2\app\public\wp-content\plugins\notification-update\notification-update.php on line 36
[02-Sep-2021 18:20:41 UTC] PHP Parse error:  syntax error, unexpected '<' in C:\Users\soufiane\Local Sites\armatis2\app\public\wp-content\plugins\notification-update\notification-update.php on line 36
[02-Sep-2021 18:21:42 UTC] PHP Parse error:  syntax error, unexpected '<' in C:\Users\soufiane\Local Sites\armatis2\app\public\wp-content\plugins\notification-update\notification-update.php on line 36
[02-Sep-2021 18:23:43 UTC] PHP Parse error:  syntax error, unexpected '<' in C:\Users\soufiane\Local Sites\armatis2\app\public\wp-content\plugins\notification-update\notification-update.php on line 36
[02-Sep-2021 18:25:44 UTC] PHP Parse error:  syntax error, unexpected '<' in C:\Users\soufiane\Local Sites\armatis2\app\public\wp-content\plugins\notification-update\notification-update.php on line 36
[02-Sep-2021 18:27:45 UTC] PHP Parse error:  syntax error, unexpected '<' in C:\Users\soufiane\Local Sites\armatis2\app\public\wp-content\plugins\notification-update\notification-update.php on line 36
[02-Sep-2021 18:29:46 UTC] PHP Parse error:  syntax error, unexpected '<' in C:\Users\soufiane\Local Sites\armatis2\app\public\wp-content\plugins\notification-update\notification-update.php on line 36
[02-Sep-2021 18:31:47 UTC] PHP Parse error:  syntax error, unexpected '<' in C:\Users\soufiane\Local Sites\armatis2\app\public\wp-content\plugins\notification-update\notification-update.php on line 36
[02-Sep-2021 18:52:13 UTC] PHP Parse error:  syntax error, unexpected '<' in C:\Users\soufiane\Local Sites\armatis2\app\public\wp-content\plugins\notification-update\notification-update.php on line 36
[02-Sep-2021 18:54:13 UTC] PHP Parse error:  syntax error, unexpected '<' in C:\Users\soufiane\Local Sites\armatis2\app\public\wp-content\plugins\notification-update\notification-update.php on line 36
[02-Sep-2021 18:56:14 UTC] PHP Parse error:  syntax error, unexpected '<' in C:\Users\soufiane\Local Sites\armatis2\app\public\wp-content\plugins\notification-update\notification-update.php on line 36
[02-Sep-2021 18:58:15 UTC] PHP Parse error:  syntax error, unexpected '<' in C:\Users\soufiane\Local Sites\armatis2\app\public\wp-content\plugins\notification-update\notification-update.php on line 36
[02-Sep-2021 19:00:16 UTC] PHP Parse error:  syntax error, unexpected '<' in C:\Users\soufiane\Local Sites\armatis2\app\public\wp-content\plugins\notification-update\notification-update.php on line 36
[02-Sep-2021 19:02:17 UTC] PHP Parse error:  syntax error, unexpected '<' in C:\Users\soufiane\Local Sites\armatis2\app\public\wp-content\plugins\notification-update\notification-update.php on line 36
[03-Sep-2021 07:52:46 UTC] PHP Parse error:  syntax error, unexpected '<' in C:\Users\soufiane\Local Sites\armatis2\app\public\wp-content\plugins\notification-update\notification-update.php on line 36
[03-Sep-2021 07:54:47 UTC] PHP Parse error:  syntax error, unexpected '<' in C:\Users\soufiane\Local Sites\armatis2\app\public\wp-content\plugins\notification-update\notification-update.php on line 36
[03-Sep-2021 07:56:48 UTC] PHP Parse error:  syntax error, unexpected '<' in C:\Users\soufiane\Local Sites\armatis2\app\public\wp-content\plugins\notification-update\notification-update.php on line 36
[03-Sep-2021 07:58:49 UTC] PHP Parse error:  syntax error, unexpected '<' in C:\Users\soufiane\Local Sites\armatis2\app\public\wp-content\plugins\notification-update\notification-update.php on line 36
[03-Sep-2021 08:00:50 UTC] PHP Parse error:  syntax error, unexpected '<' in C:\Users\soufiane\Local Sites\armatis2\app\public\wp-content\plugins\notification-update\notification-update.php on line 36
[03-Sep-2021 08:02:51 UTC] PHP Parse error:  syntax error, unexpected '<' in C:\Users\soufiane\Local Sites\armatis2\app\public\wp-content\plugins\notification-update\notification-update.php on line 36
[03-Sep-2021 08:19:34 UTC] PHP Parse error:  syntax error, unexpected '<' in C:\Users\soufiane\Local Sites\armatis2\app\public\wp-content\plugins\notification-update\notification-update.php on line 36
[03-Sep-2021 08:19:34 UTC] PHP Parse error:  syntax error, unexpected '<' in C:\Users\soufiane\Local Sites\armatis2\app\public\wp-content\plugins\notification-update\notification-update.php on line 36
[03-Sep-2021 08:19:44 UTC] PHP Parse error:  syntax error, unexpected '<' in C:\Users\soufiane\Local Sites\armatis2\app\public\wp-content\plugins\notification-update\notification-update.php on line 36
[03-Sep-2021 08:20:35 UTC] PHP Parse error:  syntax error, unexpected '<' in C:\Users\soufiane\Local Sites\armatis2\app\public\wp-content\plugins\notification-update\notification-update.php on line 36
[03-Sep-2021 08:22:36 UTC] PHP Parse error:  syntax error, unexpected '<' in C:\Users\soufiane\Local Sites\armatis2\app\public\wp-content\plugins\notification-update\notification-update.php on line 36
[03-Sep-2021 08:24:37 UTC] PHP Parse error:  syntax error, unexpected '<' in C:\Users\soufiane\Local Sites\armatis2\app\public\wp-content\plugins\notification-update\notification-update.php on line 36
[03-Sep-2021 08:26:37 UTC] PHP Parse error:  syntax error, unexpected '<' in C:\Users\soufiane\Local Sites\armatis2\app\public\wp-content\plugins\notification-update\notification-update.php on line 36
[03-Sep-2021 08:28:38 UTC] PHP Parse error:  syntax error, unexpected '<' in C:\Users\soufiane\Local Sites\armatis2\app\public\wp-content\plugins\notification-update\notification-update.php on line 36
[03-Sep-2021 08:37:17 UTC] PHP Warning:  Use of undefined constant FILE - assumed 'FILE' (this will throw an Error in a future version of PHP) in C:\Users\soufiane\Local Sites\armatis2\app\public\wp-content\plugins\notification-update\notification-update.php on line 15
[03-Sep-2021 08:37:17 UTC] PHP Stack trace:
[03-Sep-2021 08:37:17 UTC] PHP   1. {main}() C:\Users\soufiane\Local Sites\armatis2\app\public\index.php:0
[03-Sep-2021 08:37:17 UTC] PHP   2. require() C:\Users\soufiane\Local Sites\armatis2\app\public\index.php:17
[03-Sep-2021 08:37:17 UTC] PHP   3. require_once() C:\Users\soufiane\Local Sites\armatis2\app\public\wp-blog-header.php:19
[03-Sep-2021 08:37:17 UTC] PHP   4. include() C:\Users\soufiane\Local Sites\armatis2\app\public\wp-includes\template-loader.php:78
[03-Sep-2021 08:37:17 UTC] PHP   5. get_footer() C:\Users\soufiane\Local Sites\armatis2\app\public\wp-content\themes\soda-theme\buddypress.php:123
[03-Sep-2021 08:37:17 UTC] PHP   6. do_action() C:\Users\soufiane\Local Sites\armatis2\app\public\wp-includes\general-template.php:66
[03-Sep-2021 08:37:17 UTC] PHP   7. WP_Hook->do_action() C:\Users\soufiane\Local Sites\armatis2\app\public\wp-includes\plugin.php:465
[03-Sep-2021 08:37:17 UTC] PHP   8. WP_Hook->apply_filters() C:\Users\soufiane\Local Sites\armatis2\app\public\wp-includes\class-wp-hook.php:310
[03-Sep-2021 08:37:17 UTC] PHP   9. notice() C:\Users\soufiane\Local Sites\armatis2\app\public\wp-includes\class-wp-hook.php:286
[03-Sep-2021 08:37:42 UTC] PHP Warning:  Use of undefined constant FILE - assumed 'FILE' (this will throw an Error in a future version of PHP) in C:\Users\soufiane\Local Sites\armatis2\app\public\wp-content\plugins\notification-update\notification-update.php on line 15
[03-Sep-2021 08:37:42 UTC] PHP Stack trace:
[03-Sep-2021 08:37:42 UTC] PHP   1. {main}() C:\Users\soufiane\Local Sites\armatis2\app\public\index.php:0
[03-Sep-2021 08:37:42 UTC] PHP   2. require() C:\Users\soufiane\Local Sites\armatis2\app\public\index.php:17
[03-Sep-2021 08:37:42 UTC] PHP   3. require_once() C:\Users\soufiane\Local Sites\armatis2\app\public\wp-blog-header.php:19
[03-Sep-2021 08:37:42 UTC] PHP   4. include() C:\Users\soufiane\Local Sites\armatis2\app\public\wp-includes\template-loader.php:78
[03-Sep-2021 08:37:42 UTC] PHP   5. get_footer() C:\Users\soufiane\Local Sites\armatis2\app\public\wp-content\themes\soda-theme\404.php:50
[03-Sep-2021 08:37:42 UTC] PHP   6. do_action() C:\Users\soufiane\Local Sites\armatis2\app\public\wp-includes\general-template.php:66
[03-Sep-2021 08:37:42 UTC] PHP   7. WP_Hook->do_action() C:\Users\soufiane\Local Sites\armatis2\app\public\wp-includes\plugin.php:465
[03-Sep-2021 08:37:42 UTC] PHP   8. WP_Hook->apply_filters() C:\Users\soufiane\Local Sites\armatis2\app\public\wp-includes\class-wp-hook.php:310
[03-Sep-2021 08:37:42 UTC] PHP   9. notice() C:\Users\soufiane\Local Sites\armatis2\app\public\wp-includes\class-wp-hook.php:286
[03-Sep-2021 08:37:42 UTC] PHP Warning:  Use of undefined constant FILE - assumed 'FILE' (this will throw an Error in a future version of PHP) in C:\Users\soufiane\Local Sites\armatis2\app\public\wp-content\plugins\notification-update\notification-update.php on line 15
[03-Sep-2021 08:37:42 UTC] PHP Stack trace:
[03-Sep-2021 08:37:42 UTC] PHP   1. {main}() C:\Users\soufiane\Local Sites\armatis2\app\public\index.php:0
[03-Sep-2021 08:37:42 UTC] PHP   2. require() C:\Users\soufiane\Local Sites\armatis2\app\public\index.php:17
[03-Sep-2021 08:37:42 UTC] PHP   3. require_once() C:\Users\soufiane\Local Sites\armatis2\app\public\wp-blog-header.php:19
[03-Sep-2021 08:37:42 UTC] PHP   4. include() C:\Users\soufiane\Local Sites\armatis2\app\public\wp-includes\template-loader.php:78
[03-Sep-2021 08:37:42 UTC] PHP   5. get_footer() C:\Users\soufiane\Local Sites\armatis2\app\public\wp-content\themes\soda-theme\404.php:50
[03-Sep-2021 08:37:42 UTC] PHP   6. do_action() C:\Users\soufiane\Local Sites\armatis2\app\public\wp-includes\general-template.php:66
[03-Sep-2021 08:37:42 UTC] PHP   7. WP_Hook->do_action() C:\Users\soufiane\Local Sites\armatis2\app\public\wp-includes\plugin.php:465
[03-Sep-2021 08:37:42 UTC] PHP   8. WP_Hook->apply_filters() C:\Users\soufiane\Local Sites\armatis2\app\public\wp-includes\class-wp-hook.php:310
[03-Sep-2021 08:37:42 UTC] PHP   9. notice() C:\Users\soufiane\Local Sites\armatis2\app\public\wp-includes\class-wp-hook.php:286
[03-Sep-2021 09:04:21 UTC] PHP Parse error:  syntax error, unexpected '>' in C:\Users\soufiane\Local Sites\armatis2\app\public\wp-content\plugins\notification-update\notification-update.php on line 19
[03-Sep-2021 09:05:19 UTC] PHP Parse error:  syntax error, unexpected 'class' (T_CLASS) in C:\Users\soufiane\Local Sites\armatis2\app\public\wp-content\plugins\notification-update\notification-update.php on line 19
[03-Sep-2021 09:05:23 UTC] PHP Parse error:  syntax error, unexpected 'class' (T_CLASS) in C:\Users\soufiane\Local Sites\armatis2\app\public\wp-content\plugins\notification-update\notification-update.php on line 19
[03-Sep-2021 09:21:07 UTC] PHP Parse error:  syntax error, unexpected 'notice' (T_STRING), expecting '(' in C:\Users\soufiane\Local Sites\armatis2\app\public\wp-content\plugins\notification-update\notification-update.php on line 10
[03-Sep-2021 09:21:29 UTC] PHP Parse error:  syntax error, unexpected 'function' (T_FUNCTION) in C:\Users\soufiane\Local Sites\armatis2\app\public\wp-content\plugins\notification-update\notification-update.php on line 10
[03-Sep-2021 09:21:58 UTC] PHP Parse error:  syntax error, unexpected 'mycred_add_new_notice' (T_STRING) in C:\Users\soufiane\Local Sites\armatis2\app\public\wp-content\plugins\notification-update\notification-update.php on line 11
[03-Sep-2021 09:23:30 UTC] PHP Parse error:  syntax error, unexpected 'function' (T_FUNCTION) in C:\Users\soufiane\Local Sites\armatis2\app\public\wp-content\plugins\notification-update\notification-update.php on line 10
[03-Sep-2021 09:23:51 UTC] PHP Parse error:  syntax error, unexpected 'function' (T_FUNCTION) in C:\Users\soufiane\Local Sites\armatis2\app\public\wp-content\plugins\notification-update\notification-update.php on line 10
[03-Sep-2021 09:23:52 UTC] PHP Parse error:  syntax error, unexpected 'function' (T_FUNCTION) in C:\Users\soufiane\Local Sites\armatis2\app\public\wp-content\plugins\notification-update\notification-update.php on line 10
[09-Sep-2021 13:01:40 UTC] PHP Warning:  Use of undefined constant FILE - assumed 'FILE' (this will throw an Error in a future version of PHP) in C:\Users\soufiane\Local Sites\armatis2\app\public\wp-content\plugins\notification-update\notification-update.php on line 14
[09-Sep-2021 13:01:40 UTC] PHP Stack trace:
[09-Sep-2021 13:01:40 UTC] PHP   1. {main}() C:\Users\soufiane\Local Sites\armatis2\app\public\index.php:0
[09-Sep-2021 13:01:40 UTC] PHP   2. require() C:\Users\soufiane\Local Sites\armatis2\app\public\index.php:17
[09-Sep-2021 13:01:40 UTC] PHP   3. require_once() C:\Users\soufiane\Local Sites\armatis2\app\public\wp-blog-header.php:19
[09-Sep-2021 13:01:40 UTC] PHP   4. include() C:\Users\soufiane\Local Sites\armatis2\app\public\wp-includes\template-loader.php:78
[09-Sep-2021 13:01:40 UTC] PHP   5. get_footer() C:\Users\soufiane\Local Sites\armatis2\app\public\wp-content\themes\soda-theme\buddypress.php:123
[09-Sep-2021 13:01:40 UTC] PHP   6. do_action() C:\Users\soufiane\Local Sites\armatis2\app\public\wp-includes\general-template.php:66
[09-Sep-2021 13:01:40 UTC] PHP   7. WP_Hook->do_action() C:\Users\soufiane\Local Sites\armatis2\app\public\wp-includes\plugin.php:465
[09-Sep-2021 13:01:40 UTC] PHP   8. WP_Hook->apply_filters() C:\Users\soufiane\Local Sites\armatis2\app\public\wp-includes\class-wp-hook.php:310
[09-Sep-2021 13:01:40 UTC] PHP   9. notice() C:\Users\soufiane\Local Sites\armatis2\app\public\wp-includes\class-wp-hook.php:286
[09-Sep-2021 13:01:41 UTC] PHP Warning:  Use of undefined constant FILE - assumed 'FILE' (this will throw an Error in a future version of PHP) in C:\Users\soufiane\Local Sites\armatis2\app\public\wp-content\plugins\notification-update\notification-update.php on line 14
[09-Sep-2021 13:01:41 UTC] PHP Stack trace:
[09-Sep-2021 13:01:41 UTC] PHP   1. {main}() C:\Users\soufiane\Local Sites\armatis2\app\public\index.php:0
[09-Sep-2021 13:01:41 UTC] PHP   2. require() C:\Users\soufiane\Local Sites\armatis2\app\public\index.php:17
[09-Sep-2021 13:01:41 UTC] PHP   3. require_once() C:\Users\soufiane\Local Sites\armatis2\app\public\wp-blog-header.php:19
[09-Sep-2021 13:01:41 UTC] PHP   4. include() C:\Users\soufiane\Local Sites\armatis2\app\public\wp-includes\template-loader.php:78
[09-Sep-2021 13:01:41 UTC] PHP   5. get_footer() C:\Users\soufiane\Local Sites\armatis2\app\public\wp-content\themes\soda-theme\404.php:50
[09-Sep-2021 13:01:41 UTC] PHP   6. do_action() C:\Users\soufiane\Local Sites\armatis2\app\public\wp-includes\general-template.php:66
[09-Sep-2021 13:01:41 UTC] PHP   7. WP_Hook->do_action() C:\Users\soufiane\Local Sites\armatis2\app\public\wp-includes\plugin.php:465
[09-Sep-2021 13:01:41 UTC] PHP   8. WP_Hook->apply_filters() C:\Users\soufiane\Local Sites\armatis2\app\public\wp-includes\class-wp-hook.php:310
[09-Sep-2021 13:01:41 UTC] PHP   9. notice() C:\Users\soufiane\Local Sites\armatis2\app\public\wp-includes\class-wp-hook.php:286
[09-Sep-2021 13:02:11 UTC] PHP Warning:  Use of undefined constant FILE - assumed 'FILE' (this will throw an Error in a future version of PHP) in C:\Users\soufiane\Local Sites\armatis2\app\public\wp-content\plugins\notification-update\notification-update.php on line 14
[09-Sep-2021 13:02:11 UTC] PHP Stack trace:
[09-Sep-2021 13:02:11 UTC] PHP   1. {main}() C:\Users\soufiane\Local Sites\armatis2\app\public\index.php:0
[09-Sep-2021 13:02:11 UTC] PHP   2. require() C:\Users\soufiane\Local Sites\armatis2\app\public\index.php:17
[09-Sep-2021 13:02:11 UTC] PHP   3. require_once() C:\Users\soufiane\Local Sites\armatis2\app\public\wp-blog-header.php:19
[09-Sep-2021 13:02:11 UTC] PHP   4. include() C:\Users\soufiane\Local Sites\armatis2\app\public\wp-includes\template-loader.php:78
[09-Sep-2021 13:02:11 UTC] PHP   5. get_footer() C:\Users\soufiane\Local Sites\armatis2\app\public\wp-content\themes\soda-theme\buddypress.php:123
[09-Sep-2021 13:02:11 UTC] PHP   6. do_action() C:\Users\soufiane\Local Sites\armatis2\app\public\wp-includes\general-template.php:66
[09-Sep-2021 13:02:11 UTC] PHP   7. WP_Hook->do_action() C:\Users\soufiane\Local Sites\armatis2\app\public\wp-includes\plugin.php:465
[09-Sep-2021 13:02:11 UTC] PHP   8. WP_Hook->apply_filters() C:\Users\soufiane\Local Sites\armatis2\app\public\wp-includes\class-wp-hook.php:310
[09-Sep-2021 13:02:11 UTC] PHP   9. notice() C:\Users\soufiane\Local Sites\armatis2\app\public\wp-includes\class-wp-hook.php:286
[09-Sep-2021 13:02:12 UTC] PHP Warning:  Use of undefined constant FILE - assumed 'FILE' (this will throw an Error in a future version of PHP) in C:\Users\soufiane\Local Sites\armatis2\app\public\wp-content\plugins\notification-update\notification-update.php on line 14
[09-Sep-2021 13:02:12 UTC] PHP Stack trace:
[09-Sep-2021 13:02:12 UTC] PHP   1. {main}() C:\Users\soufiane\Local Sites\armatis2\app\public\index.php:0
[09-Sep-2021 13:02:12 UTC] PHP   2. require() C:\Users\soufiane\Local Sites\armatis2\app\public\index.php:17
[09-Sep-2021 13:02:12 UTC] PHP   3. require_once() C:\Users\soufiane\Local Sites\armatis2\app\public\wp-blog-header.php:19
[09-Sep-2021 13:02:12 UTC] PHP   4. include() C:\Users\soufiane\Local Sites\armatis2\app\public\wp-includes\template-loader.php:78
[09-Sep-2021 13:02:12 UTC] PHP   5. get_footer() C:\Users\soufiane\Local Sites\armatis2\app\public\wp-content\themes\soda-theme\404.php:50
[09-Sep-2021 13:02:12 UTC] PHP   6. do_action() C:\Users\soufiane\Local Sites\armatis2\app\public\wp-includes\general-template.php:66
[09-Sep-2021 13:02:12 UTC] PHP   7. WP_Hook->do_action() C:\Users\soufiane\Local Sites\armatis2\app\public\wp-includes\plugin.php:465
[09-Sep-2021 13:02:12 UTC] PHP   8. WP_Hook->apply_filters() C:\Users\soufiane\Local Sites\armatis2\app\public\wp-includes\class-wp-hook.php:310
[09-Sep-2021 13:02:12 UTC] PHP   9. notice() C:\Users\soufiane\Local Sites\armatis2\app\public\wp-includes\class-wp-hook.php:286
[09-Sep-2021 13:02:43 UTC] PHP Parse error:  syntax error, unexpected ')' in C:\Users\soufiane\Local Sites\armatis2\app\public\wp-content\plugins\notification-update\notification-update.php on line 14
